<?xml version="1.0" encoding="UTF-8"?>
<!-- Generated by org.testng.reporters.JUnitXMLReporter -->
<testsuite ignored="3" hostname="RIDER-WORKBENCH" failures="0" tests="1" name="Default test" time="59.929" errors="0" timestamp="2022-10-19T22:39:26 IST">
  <testcase classname="TestCase.TitlePage" name="AddNewCustomerMale_03" time="22.749"/>
  <testcase classname="TestCase.TitlePage" name="NewCustomer_02" time="0.0">
    <ignored/>
  </testcase> <!-- NewCustomer_02 -->
  <testcase classname="TestCase.TitlePage" name="Login_01" time="0.0">
    <ignored/>
  </testcase> <!-- Login_01 -->
  <testcase classname="TestCase.TitlePage" name="AddNewCustomerFemale_04" time="0.0">
    <ignored/>
  </testcase> <!-- AddNewCustomerFemale_04 -->
</testsuite> <!-- Default test -->
