<?xml version="1.0" encoding="UTF-8"?>
<testng-results ignored="0" total="1" passed="1" failed="0" skipped="0">
  <reporter-output>
  </reporter-output>
  <suite started-at="2022-10-22T20:22:50 IST" name="Default suite" finished-at="2022-10-22T20:23:33 IST" duration-ms="42437">
    <groups>
    </groups>
    <test started-at="2022-10-22T20:22:50 IST" name="Default test" finished-at="2022-10-22T20:23:33 IST" duration-ms="42437">
      <class name="TestCase.NewAccount">
        <test-method is-config="true" signature="setUp(java.lang.String,java.lang.String)[pri:0, instance:TestCase.NewAccount@1e1a0406]" started-at="2022-10-22T20:22:50 IST" name="setUp" finished-at="2022-10-22T20:23:05 IST" duration-ms="15280" status="PASS">
          <params>
            <param index="0">
              <value>
                <![CDATA[chrome]]>
              </value>
            </param>
            <param index="1">
              <value>
                <![CDATA[https://demo.guru99.com/v4/index.php]]>
              </value>
            </param>
          </params>
          <reporter-output>
          </reporter-output>
        </test-method> <!-- setUp -->
        <test-method signature="NewAccount1()[pri:1, instance:TestCase.NewAccount@1e1a0406]" started-at="2022-10-22T20:23:05 IST" name="NewAccount1" finished-at="2022-10-22T20:23:28 IST" duration-ms="22106" status="PASS">
          <reporter-output>
          </reporter-output>
        </test-method> <!-- NewAccount1 -->
        <test-method is-config="true" signature="tearDown()[pri:0, instance:TestCase.NewAccount@1e1a0406]" started-at="2022-10-22T20:23:28 IST" name="tearDown" finished-at="2022-10-22T20:23:33 IST" duration-ms="5015" status="PASS">
          <reporter-output>
          </reporter-output>
        </test-method> <!-- tearDown -->
      </class> <!-- TestCase.NewAccount -->
    </test> <!-- Default test -->
  </suite> <!-- Default suite -->
</testng-results>
