<?xml version="1.0" encoding="UTF-8"?>
<testng-results ignored="0" total="1" passed="1" failed="0" skipped="0">
  <reporter-output>
  </reporter-output>
  <suite started-at="2022-10-23T13:18:54 IST" name="Default suite" finished-at="2022-10-23T13:20:07 IST" duration-ms="73245">
    <groups>
    </groups>
    <test started-at="2022-10-23T13:18:54 IST" name="Default test" finished-at="2022-10-23T13:20:07 IST" duration-ms="73245">
      <class name="TestCase.EditAccount">
        <test-method is-config="true" signature="setUp(java.lang.String,java.lang.String)[pri:0, instance:TestCase.EditAccount@1e1a0406]" started-at="2022-10-23T13:18:54 IST" name="setUp" finished-at="2022-10-23T13:19:39 IST" duration-ms="45569" status="PASS">
          <params>
            <param index="0">
              <value>
                <![CDATA[chrome]]>
              </value>
            </param>
            <param index="1">
              <value>
                <![CDATA[https://demo.guru99.com/v4/index.php]]>
              </value>
            </param>
          </params>
          <reporter-output>
          </reporter-output>
        </test-method> <!-- setUp -->
        <test-method signature="EditAccount_01()[pri:1, instance:TestCase.EditAccount@1e1a0406]" started-at="2022-10-23T13:19:39 IST" name="EditAccount_01" finished-at="2022-10-23T13:20:02 IST" duration-ms="22614" status="PASS">
          <reporter-output>
          </reporter-output>
        </test-method> <!-- EditAccount_01 -->
        <test-method is-config="true" signature="tearDown()[pri:0, instance:TestCase.EditAccount@1e1a0406]" started-at="2022-10-23T13:20:02 IST" name="tearDown" finished-at="2022-10-23T13:20:07 IST" duration-ms="5007" status="PASS">
          <reporter-output>
          </reporter-output>
        </test-method> <!-- tearDown -->
      </class> <!-- TestCase.EditAccount -->
    </test> <!-- Default test -->
  </suite> <!-- Default suite -->
</testng-results>
